

Microchip Technology PIC18 LITE Macro Assembler V2.00 build -1524193055 
                                                                                               Fri Jun 14 14:34:39 2019

Microchip Technology Omniscient Code Generator v2.00 (Free mode) build 20180527130849
     1  0000                     
     2                           ; Version 2.00
     3                           ; Generated 27/05/2018 GMT
     4                           
     5                           ; 
     6                           ; Copyright © 2018, Microchip Technology Inc. and its subsidiaries ("Microchip")
     7                           ; All rights reserved.
     8                           ; 
     9                           ; This software is developed by Microchip Technology Inc. and its subsidiaries ("Microch
                                 ip").
    10                           ; 
    11                           ; Redistribution and use in source and binary forms, with or without modification, are
    12                           ; permitted provided that the following conditions are met:
    13                           ; 
    14                           ;     1. Redistributions of source code must retain the above copyright notice, this lis
                                 t of
    15                           ;        conditions and the following disclaimer.
    16                           ; 
    17                           ;     2. Redistributions in binary form must reproduce the above copyright notice, this 
                                 list
    18                           ;        of conditions and the following disclaimer in the documentation and/or other
    19                           ;        materials provided with the distribution.
    20                           ; 
    21                           ;     3. Microchip's name may not be used to endorse or promote products derived from th
                                 is
    22                           ;        software without specific prior written permission.
    23                           ; 
    24                           ; THIS SOFTWARE IS PROVIDED BY MICROCHIP "AS IS" AND ANY EXPRESS OR IMPLIED WARRANTIES,

    25                           ; INCLUDING, BUT NOT LIMITED TO, THE IMPLIED WARRANTIES OF MERCHANTABILITY AND FITNESS F
                                 OR
    26                           ; PURPOSE ARE DISCLAIMED.  IN NO EVENT SHALL MICROCHIP BE LIABLE FOR ANY DIRECT, INDIREC
                                 T,
    27                           ; INCIDENTAL, SPECIAL, EXEMPLARY, OR CONSEQUENTIAL DAMAGES (INCLUDING BUT NOT LIMITED TO
                                 
    28                           ; PROCUREMENT OF SUBSTITUTE GOODS OR SERVICES; LOSS OF USE, DATA OR PROFITS; OR BUSINESS
                                 
    29                           ; INTERRUPTION) HOWSOEVER CAUSED AND ON ANY THEORY OF LIABILITY, WHETHER IN CONTRACT, ST
                                 RICT
    30                           ; LIABILITY, OR TORT (INCLUDING NEGLIGENCE OR OTHERWISE) ARISING IN ANY WAY OUT OF THE U
                                 SE OF
    31                           ; THIS SOFTWARE, EVEN IF ADVISED OF THE POSSIBILITY OF SUCH DAMAGE.
    32                           ; 
    33                           
    34                           
    35                           ; 
    36                           ; Code-generator required, PIC18F4520 Definitions
    37                           ; 
    38  0000                     fsr0 equ 0FE9h
    39  0000                     fsr0h equ 0FEAh
    40  0000                     fsr0l equ 0FE9h
    41  0000                     fsr1 equ 0FE1h
    42  0000                     fsr1h equ 0FE2h
    43  0000                     fsr1l equ 0FE1h
    44  0000                     fsr2 equ 0FD9h
    45  0000                     fsr2h equ 0FDAh
    46  0000                     fsr2l equ 0FD9h
    47  0000                     indf0 equ 0FEFh
    48  0000                     indf1 equ 0FE7h
    49  0000                     indf2 equ 0FDFh
    50  0000                     intcon equ 0FF2h
    51  0000                     nvmcon equ 00h
    52  0000                     pcl equ 0FF9h
    53  0000                     pclath equ 0FFAh
    54  0000                     pclatu equ 0FFBh
    55  0000                     plusw0 equ 0FEBh
    56  0000                     plusw1 equ 0FE3h
    57  0000                     plusw2 equ 0FDBh
    58  0000                     postdec0 equ 0FEDh
    59  0000                     postdec1 equ 0FE5h
    60  0000                     postdec2 equ 0FDDh
    61  0000                     postinc0 equ 0FEEh
    62  0000                     postinc1 equ 0FE6h
    63  0000                     postinc2 equ 0FDEh
    64  0000                     preinc0 equ 0FECh
    65  0000                     preinc1 equ 0FE4h
    66  0000                     preinc2 equ 0FDCh
    67  0000                     prod equ 0FF3h
    68  0000                     prodh equ 0FF4h
    69  0000                     prodl equ 0FF3h
    70  0000                     status equ 0FD8h
    71  0000                     tablat equ 0FF5h
    72  0000                     tblptr equ 0FF6h
    73  0000                     tblptrh equ 0FF7h
    74  0000                     tblptrl equ 0FF6h
    75  0000                     tblptru equ 0FF8h
    76  0000                     tosl equ 0FFDh
    77  0000                     wreg equ 0FE8h
    78  0000                     
     2                           opt pagewidth 120
     3  0000                     byte0	macro	val
     4                           	(getbyte(val,0))
     5                           endm
     6  0000                     byte1	macro	val
     7                           	(getbyte(val,1))
     8                           endm
     9  0000                     byte2	macro	val
    10                           	(getbyte(val,2))
    11                           endm
    12  0000                     byte3	macro	val
    13                           	(getbyte(val,3))
    14                           endm
    15  0000                     byte4	macro	val
    16                           	(getbyte(val,4))
    17                           endm
    18  0000                     byte5	macro	val
    19                           	(getbyte(val,5))
    20                           endm
    21  0000                     byte6	macro	val
    22                           	(getbyte(val,6))
    23                           endm
    24  0000                     byte7	macro	val
    25                           	(getbyte(val,7))
    26                           endm
    27  0000                     getword	macro	val,pos
    28                           	(((val) >> (8 * pos)) and 0xffff)
    29                           endm
    30  0000                     word0	macro	val
    31                           	(getword(val,0))
    32                           endm
    33  0000                     word1	macro	val
    34                           	(getword(val,2))
    35                           endm
    36  0000                     word2	macro	val
    37                           	(getword(val,4))
    38                           endm
    39  0000                     word3	macro	val
    40                           	(getword(val,6))
    41                           endm
    42  0000                     gettword	macro	val,pos
    43                           	(((val) >> (8 * pos)) and 0xffffff)
    44                           endm
    45  0000                     tword0	macro	val
    46                           	(gettword(val,0))
    47                           endm
    48  0000                     tword1	macro	val
    49                           	(gettword(val,3))
    50                           endm
    51  0000                     tword2	macro	val
    52                           	(gettword(val,6))
    53                           endm
    54  0000                     getdword	macro	val,pos
    55                           	(((val) >> (8 * pos)) and 0xffffffff)
    56                           endm
    57  0000                     dword0	macro	val
    58                           	(getdword(val,0))
    59                           endm
    60  0000                     dword1	macro	val
    61                           	(getdword(val,4))
    62                           endm
    63  0000                     clrc   macro
    64                           	bcf	status,0
    65                           endm
    66  0000                     setc   macro
    67                           	bsf	status,0
    68                           endm
    69  0000                     clrz   macro
    70                           	bcf	status,2
    71                           endm
    72  0000                     setz   macro
    73                           	bsf	status,2
    74                           endm
    75  0000                     skipnz macro
    76                           	btfsc	status,2
    77                           endm
    78  0000                     skipz  macro
    79                           	btfss	status,2
    80                           endm
    81  0000                     skipnc macro
    82                           	btfsc	status,0
    83                           endm
    84  0000                     skipc  macro
    85                           	btfss	status,0
    86                           endm
    87  0000                     pushw macro
    88                           	movwf postinc1
    89                           endm
    90  0000                     pushf macro arg1
    91                           	movff arg1, postinc1
    92                           endm
    93  0000                     popw macro
    94                           	movf postdec1,f
    95                           	movf indf1,w
    96                           endm
    97  0000                     popf macro arg1
    98                           	movf postdec1,f
    99                           	movff indf1,arg1
   100                           endm
   101  0000                     popfc macro arg1
   102                           	movff plusw1,arg1
   103                           	decfsz fsr1,f
   104                           endm
   105  0000                     	global	__ramtop
   106                           	global	__accesstop
   107                           # 54 "C:\Program Files\Microchip\xc8\v2.00\pic\include\pic18f4520.h"
   108                           PORTA equ 0F80h ;# 
   109  0000                     # 273 "C:\Program Files\Microchip\xc8\v2.00\pic\include\pic18f4520.h"
   110                           PORTB equ 0F81h ;# 
   111  0000                     # 452 "C:\Program Files\Microchip\xc8\v2.00\pic\include\pic18f4520.h"
   112                           PORTC equ 0F82h ;# 
   113  0000                     # 634 "C:\Program Files\Microchip\xc8\v2.00\pic\include\pic18f4520.h"
   114                           PORTD equ 0F83h ;# 
   115  0000                     # 776 "C:\Program Files\Microchip\xc8\v2.00\pic\include\pic18f4520.h"
   116                           PORTE equ 0F84h ;# 
   117  0000                     # 979 "C:\Program Files\Microchip\xc8\v2.00\pic\include\pic18f4520.h"
   118                           LATA equ 0F89h ;# 
   119  0000                     # 1091 "C:\Program Files\Microchip\xc8\v2.00\pic\include\pic18f4520.h"
   120                           LATB equ 0F8Ah ;# 
   121  0000                     # 1203 "C:\Program Files\Microchip\xc8\v2.00\pic\include\pic18f4520.h"
   122                           LATC equ 0F8Bh ;# 
   123  0000                     # 1315 "C:\Program Files\Microchip\xc8\v2.00\pic\include\pic18f4520.h"
   124                           LATD equ 0F8Ch ;# 
   125  0000                     # 1427 "C:\Program Files\Microchip\xc8\v2.00\pic\include\pic18f4520.h"
   126                           LATE equ 0F8Dh ;# 
   127  0000                     # 1479 "C:\Program Files\Microchip\xc8\v2.00\pic\include\pic18f4520.h"
   128                           TRISA equ 0F92h ;# 
   129  0000                     # 1484 "C:\Program Files\Microchip\xc8\v2.00\pic\include\pic18f4520.h"
   130                           DDRA equ 0F92h ;# 
   131  0000                     # 1701 "C:\Program Files\Microchip\xc8\v2.00\pic\include\pic18f4520.h"
   132                           TRISB equ 0F93h ;# 
   133  0000                     # 1706 "C:\Program Files\Microchip\xc8\v2.00\pic\include\pic18f4520.h"
   134                           DDRB equ 0F93h ;# 
   135  0000                     # 1923 "C:\Program Files\Microchip\xc8\v2.00\pic\include\pic18f4520.h"
   136                           TRISC equ 0F94h ;# 
   137  0000                     # 1928 "C:\Program Files\Microchip\xc8\v2.00\pic\include\pic18f4520.h"
   138                           DDRC equ 0F94h ;# 
   139  0000                     # 2145 "C:\Program Files\Microchip\xc8\v2.00\pic\include\pic18f4520.h"
   140                           TRISD equ 0F95h ;# 
   141  0000                     # 2150 "C:\Program Files\Microchip\xc8\v2.00\pic\include\pic18f4520.h"
   142                           DDRD equ 0F95h ;# 
   143  0000                     # 2367 "C:\Program Files\Microchip\xc8\v2.00\pic\include\pic18f4520.h"
   144                           TRISE equ 0F96h ;# 
   145  0000                     # 2372 "C:\Program Files\Microchip\xc8\v2.00\pic\include\pic18f4520.h"
   146                           DDRE equ 0F96h ;# 
   147  0000                     # 2531 "C:\Program Files\Microchip\xc8\v2.00\pic\include\pic18f4520.h"
   148                           OSCTUNE equ 0F9Bh ;# 
   149  0000                     # 2596 "C:\Program Files\Microchip\xc8\v2.00\pic\include\pic18f4520.h"
   150                           PIE1 equ 0F9Dh ;# 
   151  0000                     # 2673 "C:\Program Files\Microchip\xc8\v2.00\pic\include\pic18f4520.h"
   152                           PIR1 equ 0F9Eh ;# 
   153  0000                     # 2750 "C:\Program Files\Microchip\xc8\v2.00\pic\include\pic18f4520.h"
   154                           IPR1 equ 0F9Fh ;# 
   155  0000                     # 2827 "C:\Program Files\Microchip\xc8\v2.00\pic\include\pic18f4520.h"
   156                           PIE2 equ 0FA0h ;# 
   157  0000                     # 2893 "C:\Program Files\Microchip\xc8\v2.00\pic\include\pic18f4520.h"
   158                           PIR2 equ 0FA1h ;# 
   159  0000                     # 2959 "C:\Program Files\Microchip\xc8\v2.00\pic\include\pic18f4520.h"
   160                           IPR2 equ 0FA2h ;# 
   161  0000                     # 3025 "C:\Program Files\Microchip\xc8\v2.00\pic\include\pic18f4520.h"
   162                           EECON1 equ 0FA6h ;# 
   163  0000                     # 3091 "C:\Program Files\Microchip\xc8\v2.00\pic\include\pic18f4520.h"
   164                           EECON2 equ 0FA7h ;# 
   165  0000                     # 3098 "C:\Program Files\Microchip\xc8\v2.00\pic\include\pic18f4520.h"
   166                           EEDATA equ 0FA8h ;# 
   167  0000                     # 3105 "C:\Program Files\Microchip\xc8\v2.00\pic\include\pic18f4520.h"
   168                           EEADR equ 0FA9h ;# 
   169  0000                     # 3112 "C:\Program Files\Microchip\xc8\v2.00\pic\include\pic18f4520.h"
   170                           RCSTA equ 0FABh ;# 
   171  0000                     # 3117 "C:\Program Files\Microchip\xc8\v2.00\pic\include\pic18f4520.h"
   172                           RCSTA1 equ 0FABh ;# 
   173  0000                     # 3322 "C:\Program Files\Microchip\xc8\v2.00\pic\include\pic18f4520.h"
   174                           TXSTA equ 0FACh ;# 
   175  0000                     # 3327 "C:\Program Files\Microchip\xc8\v2.00\pic\include\pic18f4520.h"
   176                           TXSTA1 equ 0FACh ;# 
   177  0000                     # 3578 "C:\Program Files\Microchip\xc8\v2.00\pic\include\pic18f4520.h"
   178                           TXREG equ 0FADh ;# 
   179  0000                     # 3583 "C:\Program Files\Microchip\xc8\v2.00\pic\include\pic18f4520.h"
   180                           TXREG1 equ 0FADh ;# 
   181  0000                     # 3590 "C:\Program Files\Microchip\xc8\v2.00\pic\include\pic18f4520.h"
   182                           RCREG equ 0FAEh ;# 
   183  0000                     # 3595 "C:\Program Files\Microchip\xc8\v2.00\pic\include\pic18f4520.h"
   184                           RCREG1 equ 0FAEh ;# 
   185  0000                     # 3602 "C:\Program Files\Microchip\xc8\v2.00\pic\include\pic18f4520.h"
   186                           SPBRG equ 0FAFh ;# 
   187  0000                     # 3607 "C:\Program Files\Microchip\xc8\v2.00\pic\include\pic18f4520.h"
   188                           SPBRG1 equ 0FAFh ;# 
   189  0000                     # 3614 "C:\Program Files\Microchip\xc8\v2.00\pic\include\pic18f4520.h"
   190                           SPBRGH equ 0FB0h ;# 
   191  0000                     # 3621 "C:\Program Files\Microchip\xc8\v2.00\pic\include\pic18f4520.h"
   192                           T3CON equ 0FB1h ;# 
   193  0000                     # 3733 "C:\Program Files\Microchip\xc8\v2.00\pic\include\pic18f4520.h"
   194                           TMR3 equ 0FB2h ;# 
   195  0000                     # 3740 "C:\Program Files\Microchip\xc8\v2.00\pic\include\pic18f4520.h"
   196                           TMR3L equ 0FB2h ;# 
   197  0000                     # 3747 "C:\Program Files\Microchip\xc8\v2.00\pic\include\pic18f4520.h"
   198                           TMR3H equ 0FB3h ;# 
   199  0000                     # 3754 "C:\Program Files\Microchip\xc8\v2.00\pic\include\pic18f4520.h"
   200                           CMCON equ 0FB4h ;# 
   201  0000                     # 3844 "C:\Program Files\Microchip\xc8\v2.00\pic\include\pic18f4520.h"
   202                           CVRCON equ 0FB5h ;# 
   203  0000                     # 3923 "C:\Program Files\Microchip\xc8\v2.00\pic\include\pic18f4520.h"
   204                           ECCP1AS equ 0FB6h ;# 
   205  0000                     # 3928 "C:\Program Files\Microchip\xc8\v2.00\pic\include\pic18f4520.h"
   206                           ECCPAS equ 0FB6h ;# 
   207  0000                     # 4085 "C:\Program Files\Microchip\xc8\v2.00\pic\include\pic18f4520.h"
   208                           PWM1CON equ 0FB7h ;# 
   209  0000                     # 4090 "C:\Program Files\Microchip\xc8\v2.00\pic\include\pic18f4520.h"
   210                           ECCP1DEL equ 0FB7h ;# 
   211  0000                     # 4223 "C:\Program Files\Microchip\xc8\v2.00\pic\include\pic18f4520.h"
   212                           BAUDCON equ 0FB8h ;# 
   213  0000                     # 4228 "C:\Program Files\Microchip\xc8\v2.00\pic\include\pic18f4520.h"
   214                           BAUDCTL equ 0FB8h ;# 
   215  0000                     # 4403 "C:\Program Files\Microchip\xc8\v2.00\pic\include\pic18f4520.h"
   216                           CCP2CON equ 0FBAh ;# 
   217  0000                     # 4482 "C:\Program Files\Microchip\xc8\v2.00\pic\include\pic18f4520.h"
   218                           CCPR2 equ 0FBBh ;# 
   219  0000                     # 4489 "C:\Program Files\Microchip\xc8\v2.00\pic\include\pic18f4520.h"
   220                           CCPR2L equ 0FBBh ;# 
   221  0000                     # 4496 "C:\Program Files\Microchip\xc8\v2.00\pic\include\pic18f4520.h"
   222                           CCPR2H equ 0FBCh ;# 
   223  0000                     # 4503 "C:\Program Files\Microchip\xc8\v2.00\pic\include\pic18f4520.h"
   224                           CCP1CON equ 0FBDh ;# 
   225  0000                     # 4600 "C:\Program Files\Microchip\xc8\v2.00\pic\include\pic18f4520.h"
   226                           CCPR1 equ 0FBEh ;# 
   227  0000                     # 4607 "C:\Program Files\Microchip\xc8\v2.00\pic\include\pic18f4520.h"
   228                           CCPR1L equ 0FBEh ;# 
   229  0000                     # 4614 "C:\Program Files\Microchip\xc8\v2.00\pic\include\pic18f4520.h"
   230                           CCPR1H equ 0FBFh ;# 
   231  0000                     # 4621 "C:\Program Files\Microchip\xc8\v2.00\pic\include\pic18f4520.h"
   232                           ADCON2 equ 0FC0h ;# 
   233  0000                     # 4692 "C:\Program Files\Microchip\xc8\v2.00\pic\include\pic18f4520.h"
   234                           ADCON1 equ 0FC1h ;# 
   235  0000                     # 4777 "C:\Program Files\Microchip\xc8\v2.00\pic\include\pic18f4520.h"
   236                           ADCON0 equ 0FC2h ;# 
   237  0000                     # 4896 "C:\Program Files\Microchip\xc8\v2.00\pic\include\pic18f4520.h"
   238                           ADRES equ 0FC3h ;# 
   239  0000                     # 4903 "C:\Program Files\Microchip\xc8\v2.00\pic\include\pic18f4520.h"
   240                           ADRESL equ 0FC3h ;# 
   241  0000                     # 4910 "C:\Program Files\Microchip\xc8\v2.00\pic\include\pic18f4520.h"
   242                           ADRESH equ 0FC4h ;# 
   243  0000                     # 4917 "C:\Program Files\Microchip\xc8\v2.00\pic\include\pic18f4520.h"
   244                           SSPCON2 equ 0FC5h ;# 
   245  0000                     # 5012 "C:\Program Files\Microchip\xc8\v2.00\pic\include\pic18f4520.h"
   246                           SSPCON1 equ 0FC6h ;# 
   247  0000                     # 5082 "C:\Program Files\Microchip\xc8\v2.00\pic\include\pic18f4520.h"
   248                           SSPSTAT equ 0FC7h ;# 
   249  0000                     # 5303 "C:\Program Files\Microchip\xc8\v2.00\pic\include\pic18f4520.h"
   250                           SSPADD equ 0FC8h ;# 
   251  0000                     # 5310 "C:\Program Files\Microchip\xc8\v2.00\pic\include\pic18f4520.h"
   252                           SSPBUF equ 0FC9h ;# 
   253  0000                     # 5317 "C:\Program Files\Microchip\xc8\v2.00\pic\include\pic18f4520.h"
   254                           T2CON equ 0FCAh ;# 
   255  0000                     # 5415 "C:\Program Files\Microchip\xc8\v2.00\pic\include\pic18f4520.h"
   256                           PR2 equ 0FCBh ;# 
   257  0000                     # 5420 "C:\Program Files\Microchip\xc8\v2.00\pic\include\pic18f4520.h"
   258                           MEMCON equ 0FCBh ;# 
   259  0000                     # 5525 "C:\Program Files\Microchip\xc8\v2.00\pic\include\pic18f4520.h"
   260                           TMR2 equ 0FCCh ;# 
   261  0000                     # 5532 "C:\Program Files\Microchip\xc8\v2.00\pic\include\pic18f4520.h"
   262                           T1CON equ 0FCDh ;# 
   263  0000                     # 5635 "C:\Program Files\Microchip\xc8\v2.00\pic\include\pic18f4520.h"
   264                           TMR1 equ 0FCEh ;# 
   265  0000                     # 5642 "C:\Program Files\Microchip\xc8\v2.00\pic\include\pic18f4520.h"
   266                           TMR1L equ 0FCEh ;# 
   267  0000                     # 5649 "C:\Program Files\Microchip\xc8\v2.00\pic\include\pic18f4520.h"
   268                           TMR1H equ 0FCFh ;# 
   269  0000                     # 5656 "C:\Program Files\Microchip\xc8\v2.00\pic\include\pic18f4520.h"
   270                           RCON equ 0FD0h ;# 
   271  0000                     # 5789 "C:\Program Files\Microchip\xc8\v2.00\pic\include\pic18f4520.h"
   272                           WDTCON equ 0FD1h ;# 
   273  0000                     # 5817 "C:\Program Files\Microchip\xc8\v2.00\pic\include\pic18f4520.h"
   274                           HLVDCON equ 0FD2h ;# 
   275  0000                     # 5822 "C:\Program Files\Microchip\xc8\v2.00\pic\include\pic18f4520.h"
   276                           LVDCON equ 0FD2h ;# 
   277  0000                     # 6087 "C:\Program Files\Microchip\xc8\v2.00\pic\include\pic18f4520.h"
   278                           OSCCON equ 0FD3h ;# 
   279  0000                     # 6170 "C:\Program Files\Microchip\xc8\v2.00\pic\include\pic18f4520.h"
   280                           T0CON equ 0FD5h ;# 
   281  0000                     # 6253 "C:\Program Files\Microchip\xc8\v2.00\pic\include\pic18f4520.h"
   282                           TMR0 equ 0FD6h ;# 
   283  0000                     # 6260 "C:\Program Files\Microchip\xc8\v2.00\pic\include\pic18f4520.h"
   284                           TMR0L equ 0FD6h ;# 
   285  0000                     # 6267 "C:\Program Files\Microchip\xc8\v2.00\pic\include\pic18f4520.h"
   286                           TMR0H equ 0FD7h ;# 
   287  0000                     # 6274 "C:\Program Files\Microchip\xc8\v2.00\pic\include\pic18f4520.h"
   288                           STATUS equ 0FD8h ;# 
   289  0000                     # 6345 "C:\Program Files\Microchip\xc8\v2.00\pic\include\pic18f4520.h"
   290                           FSR2 equ 0FD9h ;# 
   291  0000                     # 6352 "C:\Program Files\Microchip\xc8\v2.00\pic\include\pic18f4520.h"
   292                           FSR2L equ 0FD9h ;# 
   293  0000                     # 6359 "C:\Program Files\Microchip\xc8\v2.00\pic\include\pic18f4520.h"
   294                           FSR2H equ 0FDAh ;# 
   295  0000                     # 6366 "C:\Program Files\Microchip\xc8\v2.00\pic\include\pic18f4520.h"
   296                           PLUSW2 equ 0FDBh ;# 
   297  0000                     # 6373 "C:\Program Files\Microchip\xc8\v2.00\pic\include\pic18f4520.h"
   298                           PREINC2 equ 0FDCh ;# 
   299  0000                     # 6380 "C:\Program Files\Microchip\xc8\v2.00\pic\include\pic18f4520.h"
   300                           POSTDEC2 equ 0FDDh ;# 
   301  0000                     # 6387 "C:\Program Files\Microchip\xc8\v2.00\pic\include\pic18f4520.h"
   302                           POSTINC2 equ 0FDEh ;# 
   303  0000                     # 6394 "C:\Program Files\Microchip\xc8\v2.00\pic\include\pic18f4520.h"
   304                           INDF2 equ 0FDFh ;# 
   305  0000                     # 6401 "C:\Program Files\Microchip\xc8\v2.00\pic\include\pic18f4520.h"
   306                           BSR equ 0FE0h ;# 
   307  0000                     # 6408 "C:\Program Files\Microchip\xc8\v2.00\pic\include\pic18f4520.h"
   308                           FSR1 equ 0FE1h ;# 
   309  0000                     # 6415 "C:\Program Files\Microchip\xc8\v2.00\pic\include\pic18f4520.h"
   310                           FSR1L equ 0FE1h ;# 
   311  0000                     # 6422 "C:\Program Files\Microchip\xc8\v2.00\pic\include\pic18f4520.h"
   312                           FSR1H equ 0FE2h ;# 
   313  0000                     # 6429 "C:\Program Files\Microchip\xc8\v2.00\pic\include\pic18f4520.h"
   314                           PLUSW1 equ 0FE3h ;# 
   315  0000                     # 6436 "C:\Program Files\Microchip\xc8\v2.00\pic\include\pic18f4520.h"
   316                           PREINC1 equ 0FE4h ;# 
   317  0000                     # 6443 "C:\Program Files\Microchip\xc8\v2.00\pic\include\pic18f4520.h"
   318                           POSTDEC1 equ 0FE5h ;# 
   319  0000                     # 6450 "C:\Program Files\Microchip\xc8\v2.00\pic\include\pic18f4520.h"
   320                           POSTINC1 equ 0FE6h ;# 
   321  0000                     # 6457 "C:\Program Files\Microchip\xc8\v2.00\pic\include\pic18f4520.h"
   322                           INDF1 equ 0FE7h ;# 
   323  0000                     # 6464 "C:\Program Files\Microchip\xc8\v2.00\pic\include\pic18f4520.h"
   324                           WREG equ 0FE8h ;# 
   325  0000                     # 6476 "C:\Program Files\Microchip\xc8\v2.00\pic\include\pic18f4520.h"
   326                           FSR0 equ 0FE9h ;# 
   327  0000                     # 6483 "C:\Program Files\Microchip\xc8\v2.00\pic\include\pic18f4520.h"
   328                           FSR0L equ 0FE9h ;# 
   329  0000                     # 6490 "C:\Program Files\Microchip\xc8\v2.00\pic\include\pic18f4520.h"
   330                           FSR0H equ 0FEAh ;# 
   331  0000                     # 6497 "C:\Program Files\Microchip\xc8\v2.00\pic\include\pic18f4520.h"
   332                           PLUSW0 equ 0FEBh ;# 
   333  0000                     # 6504 "C:\Program Files\Microchip\xc8\v2.00\pic\include\pic18f4520.h"
   334                           PREINC0 equ 0FECh ;# 
   335  0000                     # 6511 "C:\Program Files\Microchip\xc8\v2.00\pic\include\pic18f4520.h"
   336                           POSTDEC0 equ 0FEDh ;# 
   337  0000                     # 6518 "C:\Program Files\Microchip\xc8\v2.00\pic\include\pic18f4520.h"
   338                           POSTINC0 equ 0FEEh ;# 
   339  0000                     # 6525 "C:\Program Files\Microchip\xc8\v2.00\pic\include\pic18f4520.h"
   340                           INDF0 equ 0FEFh ;# 
   341  0000                     # 6532 "C:\Program Files\Microchip\xc8\v2.00\pic\include\pic18f4520.h"
   342                           INTCON3 equ 0FF0h ;# 
   343  0000                     # 6624 "C:\Program Files\Microchip\xc8\v2.00\pic\include\pic18f4520.h"
   344                           INTCON2 equ 0FF1h ;# 
   345  0000                     # 6694 "C:\Program Files\Microchip\xc8\v2.00\pic\include\pic18f4520.h"
   346                           INTCON equ 0FF2h ;# 
   347  0000                     # 6811 "C:\Program Files\Microchip\xc8\v2.00\pic\include\pic18f4520.h"
   348                           PROD equ 0FF3h ;# 
   349  0000                     # 6818 "C:\Program Files\Microchip\xc8\v2.00\pic\include\pic18f4520.h"
   350                           PRODL equ 0FF3h ;# 
   351  0000                     # 6825 "C:\Program Files\Microchip\xc8\v2.00\pic\include\pic18f4520.h"
   352                           PRODH equ 0FF4h ;# 
   353  0000                     # 6832 "C:\Program Files\Microchip\xc8\v2.00\pic\include\pic18f4520.h"
   354                           TABLAT equ 0FF5h ;# 
   355  0000                     # 6841 "C:\Program Files\Microchip\xc8\v2.00\pic\include\pic18f4520.h"
   356                           TBLPTR equ 0FF6h ;# 
   357  0000                     # 6848 "C:\Program Files\Microchip\xc8\v2.00\pic\include\pic18f4520.h"
   358                           TBLPTRL equ 0FF6h ;# 
   359  0000                     # 6855 "C:\Program Files\Microchip\xc8\v2.00\pic\include\pic18f4520.h"
   360                           TBLPTRH equ 0FF7h ;# 
   361  0000                     # 6862 "C:\Program Files\Microchip\xc8\v2.00\pic\include\pic18f4520.h"
   362                           TBLPTRU equ 0FF8h ;# 
   363  0000                     # 6871 "C:\Program Files\Microchip\xc8\v2.00\pic\include\pic18f4520.h"
   364                           PCLAT equ 0FF9h ;# 
   365  0000                     # 6878 "C:\Program Files\Microchip\xc8\v2.00\pic\include\pic18f4520.h"
   366                           PC equ 0FF9h ;# 
   367  0000                     # 6885 "C:\Program Files\Microchip\xc8\v2.00\pic\include\pic18f4520.h"
   368                           PCL equ 0FF9h ;# 
   369  0000                     # 6892 "C:\Program Files\Microchip\xc8\v2.00\pic\include\pic18f4520.h"
   370                           PCLATH equ 0FFAh ;# 
   371  0000                     # 6899 "C:\Program Files\Microchip\xc8\v2.00\pic\include\pic18f4520.h"
   372                           PCLATU equ 0FFBh ;# 
   373  0000                     # 6906 "C:\Program Files\Microchip\xc8\v2.00\pic\include\pic18f4520.h"
   374                           STKPTR equ 0FFCh ;# 
   375  0000                     # 6980 "C:\Program Files\Microchip\xc8\v2.00\pic\include\pic18f4520.h"
   376                           TOS equ 0FFDh ;# 
   377  0000                     # 6987 "C:\Program Files\Microchip\xc8\v2.00\pic\include\pic18f4520.h"
   378                           TOSL equ 0FFDh ;# 
   379  0000                     # 6994 "C:\Program Files\Microchip\xc8\v2.00\pic\include\pic18f4520.h"
   380                           TOSH equ 0FFEh ;# 
   381  0000                     # 7001 "C:\Program Files\Microchip\xc8\v2.00\pic\include\pic18f4520.h"
   382                           TOSU equ 0FFFh ;# 
   383  0000                     	FNCALL	_main,_command
   384                           	FNCALL	_main,_data
   385                           	FNCALL	_data,_pulse
   386                           	FNCALL	_command,_pulse
   387                           	FNROOT	_main
   388                           	global	main@F2530
   389                           psect	idataBANK0,class=CODE,space=0,delta=1,noexec
   390                           global __pidataBANK0
   391                           __pidataBANK0:
   392  007F0A                     	file	"lcd.c"
   393                           	line	20
   394                           
   395                           ;initializer for main@F2530
   396                           	db	low(068h)
   397  007F0A  68                 	db	low(065h)
   398  007F0B  65                 	db	low(06Ch)
   399  007F0C  6C                 	db	low(06Ch)
   400  007F0D  6C                 	db	low(06Fh)
   401  007F0E  6F                 	db	low(020h)
   402  007F0F  20                 	db	low(077h)
   403  007F10  77                 	db	low(06Fh)
   404  007F11  6F                 	db	low(072h)
   405  007F12  72                 	db	low(06Ch)
   406  007F13  6C                 	db	low(064h)
   407  007F14  64                 	db	low(020h)
   408  007F15  20                 	db	low(074h)
   409  007F16  74                 	db	low(068h)
   410  007F17  68                 	db	low(069h)
   411  007F18  69                 	db	low(073h)
   412  007F19  73                 	db	low(020h)
   413  007F1A  20                 	db	low(069h)
   414  007F1B  69                 	db	low(073h)
   415  007F1C  73                 	db	low(020h)
   416  007F1D  20                 	db	low(070h)
   417  007F1E  70                 	db	low(069h)
   418  007F1F  69                 	db	low(063h)
   419  007F20  63                 	db	low(0)
   420  007F21  00                 	db   0
   421  007F22  00                 	db   0
   422  007F23  00                 	db   0
   423  007F24  00                 	db   0
   424  007F25  00                 	db   0
   425  007F26  00                 	db   0
   426  007F27  00                 	db   0
   427  007F28  00                 	db   0
   428  007F29  00                 	db   0
   429  007F2A  00                 	db   0
   430  007F2B  00                 	db   0
   431  007F2C  00                 	db   0
   432  007F2D  00                 	db   0
   433  007F2E  00                 	db   0
   434  007F2F  00                 	db   0
   435  007F30  00                 	db   0
   436  007F31  00                 	db   0
   437  007F32  00                 	db   0
   438  007F33  00                 	db   0
   439  007F34  00                 	db   0
   440  007F35  00                 	db   0
   441  007F36  00                 	db   0
   442  007F37  00                 	db   0
   443  007F38  00                 	db   0
   444  007F39  00                 	db   0
   445  007F3A  00                 	db   0
   446  007F3B  00                 	db   0
   447  007F3C  00                 	db   0
   448  007F3D  00                 	db   0
   449  007F3E  00                 	db   0
   450  007F3F  00                 	db   0
   451  007F40  00                 	db   0
   452  007F41  00                 	db   0
   453  007F42  00                 	db   0
   454  007F43  00                 	db   0
   455  007F44  00                 	db   0
   456  007F45  00                 	db   0
   457  007F46  00                 	db   0
   458  007F47  00                 	db   0
   459  007F48  00                 	db   0
   460  007F49  00                 	db   0
   461  007F4A  00                 	db   0
   462  007F4B  00                 	db   0
   463  007F4C  00                 	db   0
   464  007F4D  00                 	db   0
   465  007F4E  00                 	db   0
   466  007F4F  00                 	db   0
   467  007F50  00                 	db   0
   468  007F51  00                 	db   0
   469  007F52  00                 	db   0
   470  007F53  00                 	db   0
   471  007F54  00                 	db   0
   472  007F55  00                 	db   0
   473  007F56  00                 	db   0
   474  007F57  00                 	db   0
   475  007F58  00                 	db   0
   476  007F59  00                 	db   0
   477  007F5A  00                 	db   0
   478  007F5B  00                 	db   0
   479  007F5C  00                 	db   0
   480  007F5D  00                 	db   0
   481  007F5E  00                 	db   0
   482  007F5F  00                 	db   0
   483  007F60  00                 	db   0
   484  007F61  00                 	db   0
   485  007F62  00                 	db   0
   486  007F63  00                 	db   0
   487  007F64  00                 	db   0
   488  007F65  00                 	db   0
   489  007F66  00                 	db   0
   490  007F67  00                 	db   0
   491  007F68  00                 	db   0
   492  007F69  00                 	db   0
   493  007F6A  00                 	db   0
   494  007F6B  00                 	db   0
   495  007F6C  00                 	db   0
   496  007F6D  00                 	global	_LATD
   497                           _LATD	set	0xF8C
   498  0000                     	global	_LATCbits
   499                           _LATCbits	set	0xF8B
   500  0000                     	global	_CMCON
   501                           _CMCON	set	0xFB4
   502  0000                     	global	_ADCON1
   503                           _ADCON1	set	0xFC1
   504  0000                     	global	_TRISD
   505                           _TRISD	set	0xF95
   506  0000                     	global	_PORTD
   507                           _PORTD	set	0xF83
   508  0000                     	global	_TRISC
   509                           _TRISC	set	0xF94
   510  0000                     	global	_PORTC
   511                           _PORTC	set	0xF82
   512  0000                     ; #config settings
   513                           	file	"C:\Users\ADMINI~1\AppData\Local\Temp\s4hc."
   514                           	line	#
   515                           psect	cinit,class=CODE,delta=1,reloc=2
   516                           global __pcinit
   517                           __pcinit:
   518  007EE4                     global start_initialization
   519                           start_initialization:
   520  007EE4                     
   521                           global __initialization
   522                           __initialization:
   523  007EE4                     psect	dataBANK0,class=BANK0,space=1,noexec,lowdata
   524                           global __pdataBANK0
   525                           __pdataBANK0:
   526  000080                     	file	"lcd.c"
   527                           	line	20
   528                           main@F2530:
   529  000080                            ds      100
   530  000080                     	file	"C:\Users\ADMINI~1\AppData\Local\Temp\s4hc."
   531                           	line	#
   532                           psect	cinit
   533                           ; Initialize objects allocated to BANK0 (100 bytes)
   534                           	global __pidataBANK0
   535                           	; load TBLPTR registers with __pidataBANK0
   536                           	movlw	low (__pidataBANK0)
   537  007EE4  0E0A               	movwf	tblptrl
   538  007EE6  6EF6               	movlw	high(__pidataBANK0)
   539  007EE8  0E7F               	movwf	tblptrh
   540  007EEA  6EF7               	movlw	low highword(__pidataBANK0)
   541  007EEC  0E00               	movwf	tblptru
   542  007EEE  6EF8               	lfsr	0,__pdataBANK0
   543  007EF0  EE00  F080         	lfsr	1,100
   544  007EF4  EE10 F064          	copy_data0:
   545  007EF8                     	tblrd	*+
   546  007EF8  0009               	movff	tablat, postinc0
   547  007EFA  CFF5 FFEE          	movf	postdec1,w
   548  007EFE  50E5               	movf	fsr1l,w
   549  007F00  50E1               	bnz	copy_data0
   550  007F02  E1FA               psect cinit,class=CODE,delta=1
   551                           global end_of_initialization,__end_of__initialization
   552                           
   553                           ;End of C runtime variable initialization code
   554                           
   555                           end_of_initialization:
   556  007F04                     __end_of__initialization:
   557  007F04                     movlb 0
   558  007F04  0100               goto _main	;jump to C main() function
   559  007F06  EFB7  F03F         psect	cstackCOMRAM,class=COMRAM,space=1,noexec
   560                           global __pcstackCOMRAM
   561                           __pcstackCOMRAM:
   562  000001                     ?_command:	; 1 bytes @ 0x0
   563  000001                     ?_data:	; 1 bytes @ 0x0
   564  000001                     ?_main:	; 1 bytes @ 0x0
   565  000001                     ?_pulse:	; 1 bytes @ 0x0
   566  000001                     ??_pulse:	; 1 bytes @ 0x0
   567  000001                     	ds   1
   568  000001                     ??_command:	; 1 bytes @ 0x1
   569  000002                     ??_data:	; 1 bytes @ 0x1
   570  000002                     	global	command@cmd
   571                           command@cmd:	; 1 bytes @ 0x1
   572  000002                     	global	data@dat
   573                           data@dat:	; 1 bytes @ 0x1
   574  000002                     	ds   1
   575  000002                     ??_main:	; 1 bytes @ 0x2
   576  000003                     	global	main@a
   577                           main@a:	; 100 bytes @ 0x2
   578  000003                     	ds   100
   579  000003                     	global	main@i
   580                           main@i:	; 2 bytes @ 0x66
   581  000067                     	ds   2
   582  000067                     ;!
   583                           ;!Data Sizes:
   584                           ;!    Strings     0
   585                           ;!    Constant    0
   586                           ;!    Data        100
   587                           ;!    BSS         0
   588                           ;!    Persistent  0
   589                           ;!    Stack       0
   590                           ;!
   591                           ;!Auto Spaces:
   592                           ;!    Space          Size  Autos    Used
   593                           ;!    COMRAM          127    104     104
   594                           ;!    BANK0           128      0     100
   595                           ;!    BANK1           256      0       0
   596                           ;!    BANK2           256      0       0
   597                           ;!    BANK3           256      0       0
   598                           ;!    BANK4           256      0       0
   599                           ;!    BANK5           256      0       0
   600                           
   601                           ;!
   602                           ;!Pointer List with Targets:
   603                           ;!
   604                           ;!    None.
   605                           
   606                           
   607                           ;!
   608                           ;!Critical Paths under _main in COMRAM
   609                           ;!
   610                           ;!    _main->_command
   611                           ;!    _main->_data
   612                           ;!    _data->_pulse
   613                           ;!    _command->_pulse
   614                           ;!
   615                           ;!Critical Paths under _main in BANK0
   616                           ;!
   617                           ;!    None.
   618                           ;!
   619                           ;!Critical Paths under _main in BANK1
   620                           ;!
   621                           ;!    None.
   622                           ;!
   623                           ;!Critical Paths under _main in BANK2
   624                           ;!
   625                           ;!    None.
   626                           ;!
   627                           ;!Critical Paths under _main in BANK3
   628                           ;!
   629                           ;!    None.
   630                           ;!
   631                           ;!Critical Paths under _main in BANK4
   632                           ;!
   633                           ;!    None.
   634                           ;!
   635                           ;!Critical Paths under _main in BANK5
   636                           ;!
   637                           ;!    None.
   638                           
   639 ;;
   640 ;;Main: autosize = 0, tempsize = 0, incstack = 0, save=0
   641 ;;
   642                           
   643                           ;!
   644                           ;!Call Graph Tables:
   645                           ;!
   646                           ;! ---------------------------------------------------------------------------------
   647                           ;! (Depth) Function   	        Calls       Base Space   Used Autos Params    Refs
   648                           ;! ---------------------------------------------------------------------------------
   649                           ;! (0) _main                                               102   102      0     137
   650                           ;!                                              2 COMRAM   102   102      0
   651                           ;!                            _command
   652                           ;!                               _data
   653                           ;! ---------------------------------------------------------------------------------
   654                           ;! (1) _data                                                 1     1      0      22
   655                           ;!                                              1 COMRAM     1     1      0
   656                           ;!                              _pulse
   657                           ;! ---------------------------------------------------------------------------------
   658                           ;! (1) _command                                              1     1      0      22
   659                           ;!                                              1 COMRAM     1     1      0
   660                           ;!                              _pulse
   661                           ;! ---------------------------------------------------------------------------------
   662                           ;! (2) _pulse                                                1     1      0       0
   663                           ;!                                              0 COMRAM     1     1      0
   664                           ;! ---------------------------------------------------------------------------------
   665                           ;! Estimated maximum stack depth 2
   666                           ;! ---------------------------------------------------------------------------------
   667                           ;!
   668                           ;! Call Graph Graphs:
   669                           ;!
   670                           ;! _main (ROOT)
   671                           ;!   _command
   672                           ;!     _pulse
   673                           ;!   _data
   674                           ;!     _pulse
   675                           ;!
   676                           
   677                           ;! Address spaces:
   678                           
   679                           ;!Name               Size   Autos  Total    Cost      Usage
   680                           ;!BIGRAM             5FF      0       0      17        0.0%
   681                           ;!EEDATA             100      0       0       0        0.0%
   682                           ;!BITBANK5           100      0       0      16        0.0%
   683                           ;!BANK5              100      0       0      14        0.0%
   684                           ;!BITBANK4           100      0       0      12        0.0%
   685                           ;!BANK4              100      0       0      13        0.0%
   686                           ;!BITBANK3           100      0       0      10        0.0%
   687                           ;!BANK3              100      0       0      11        0.0%
   688                           ;!BITBANK2           100      0       0       8        0.0%
   689                           ;!BANK2              100      0       0       9        0.0%
   690                           ;!BITBANK1           100      0       0       6        0.0%
   691                           ;!BANK1              100      0       0       7        0.0%
   692                           ;!BITBANK0            80      0       0       4        0.0%
   693                           ;!BANK0               80      0      64       5       78.1%
   694                           ;!BITCOMRAM           7F      0       0       0        0.0%
   695                           ;!COMRAM              7F     68      68       1       81.9%
   696                           ;!BITSFR               0      0       0     200        0.0%
   697                           ;!SFR                  0      0       0     200        0.0%
   698                           ;!STACK                0      0       0       2        0.0%
   699                           ;!NULL                 0      0       0       0        0.0%
   700                           ;!ABS                  0      0      CC      15        0.0%
   701                           ;!DATA                 0      0      CC       3        0.0%
   702                           ;!CODE                 0      0       0       0        0.0%
   703                           
   704                           	global	_main
   705                           
   706 ;; *************** function _main *****************
   707 ;; Defined at:
   708 ;;		line 9 in file "lcd.c"
   709 ;; Parameters:    Size  Location     Type
   710 ;;		None
   711 ;; Auto vars:     Size  Location     Type
   712 ;;  a             100    2[COMRAM] unsigned char [100]
   713 ;;  i               2  102[COMRAM] int 
   714 ;; Return value:  Size  Location     Type
   715 ;;                  1    wreg      void 
   716 ;; Registers used:
   717 ;;		wreg, fsr1l, fsr1h, fsr2l, fsr2h, status,2, status,0, cstack
   718 ;; Tracked objects:
   719 ;;		On entry : 0/0
   720 ;;		On exit  : 0/0
   721 ;;		Unchanged: 0/0
   722 ;; Data sizes:     COMRAM   BANK0   BANK1   BANK2   BANK3   BANK4   BANK5
   723 ;;      Params:         0       0       0       0       0       0       0
   724 ;;      Locals:       102       0       0       0       0       0       0
   725 ;;      Temps:          0       0       0       0       0       0       0
   726 ;;      Totals:       102       0       0       0       0       0       0
   727 ;;Total ram usage:      102 bytes
   728 ;; Hardware stack levels required when called:    2
   729 ;; This function calls:
   730 ;;		_command
   731 ;;		_data
   732 ;; This function is called by:
   733 ;;		Startup code after reset
   734 ;; This function uses a non-reentrant model
   735 ;;
   736                           psect	text0,class=CODE,space=0,reloc=2,group=0
   737                           	file	"lcd.c"
   738                           	line	9
   739                           global __ptext0
   740                           __ptext0:
   741  007F6E                     psect	text0
   742                           	file	"lcd.c"
   743                           	line	9
   744                           	global	__size_of_main
   745                           	__size_of_main	equ	__end_of_main-_main
   746  0000                     	
   747                           _main:
   748  007F6E                     ;incstack = 0
   749                           	opt	stack 29
   750                           	line	12
   751                           	
   752                           l774:
   753  007F6E                     ;lcd.c: 12:     PORTC=0x00;
   754                           	movlw	low(0)
   755  007F6E  0E00               	movwf	((c:3970)),c	;volatile
   756  007F70  6E82               	line	13
   757                           ;lcd.c: 13:     TRISC=0x00;
   758                           	movlw	low(0)
   759  007F72  0E00               	movwf	((c:3988)),c	;volatile
   760  007F74  6E94               	line	14
   761                           ;lcd.c: 14:     PORTD=0x00;
   762                           	movlw	low(0)
   763  007F76  0E00               	movwf	((c:3971)),c	;volatile
   764  007F78  6E83               	line	15
   765                           ;lcd.c: 15:     TRISD=0x00;
   766                           	movlw	low(0)
   767  007F7A  0E00               	movwf	((c:3989)),c	;volatile
   768  007F7C  6E95               	line	16
   769                           ;lcd.c: 16:     ADCON1=0x0f;
   770                           	movlw	low(0Fh)
   771  007F7E  0E0F               	movwf	((c:4033)),c	;volatile
   772  007F80  6EC1               	line	17
   773                           ;lcd.c: 17:     CMCON=0x07;
   774                           	movlw	low(07h)
   775  007F82  0E07               	movwf	((c:4020)),c	;volatile
   776  007F84  6EB4               	line	18
   777                           	
   778                           l776:
   779  007F86                     ;lcd.c: 18:     command(0x38);
   780                           	movlw	(038h)&0ffh
   781  007F86  0E38               	
   782                           	call	_command
   783  007F88  EC51  F03F         	line	19
   784                           	
   785                           l778:
   786  007F8C                     ;lcd.c: 19:     command(0x0e);
   787                           	movlw	(0Eh)&0ffh
   788  007F8C  0E0E               	
   789                           	call	_command
   790  007F8E  EC51  F03F         	line	20
   791                           	
   792                           l780:
   793  007F92                     ;lcd.c: 20:     command(0x01);
   794                           	movlw	(01h)&0ffh
   795  007F92  0E01               	
   796                           	call	_command
   797  007F94  EC51  F03F         	line	21
   798                           	
   799                           l782:
   800  007F98                     ;lcd.c: 21:     char a[100]= "hello world this is pic";
   801                           	lfsr	2,(main@F2530)
   802  007F98  EE20  F080         	lfsr	1,(main@a)
   803  007F9C  EE10  F003         	movlw	100-1
   804  007FA0  0E63               u31:
   805  007FA2                     	movff	plusw2,plusw1
   806  007FA2  CFDB FFE3          	decf	wreg
   807  007FA6  06E8               	bc	u31
   808  007FA8  E2FC               
   809                           	goto	l784
   810  007FAA  EFD7  F03F         	line	25
   811                           ;lcd.c: 22:     int i;;lcd.c: 25:         while(1)
   812                           	
   813                           l29:
   814  007FAE                     	line	28
   815                           	
   816                           l784:
   817  007FAE                     ;lcd.c: 26:         {;lcd.c: 28:             for(i=0;a[i]!='\0';i++)
   818                           	movlw	high(0)
   819  007FAE  0E00               	movwf	((c:main@i+1)),c
   820  007FB0  6E68               	movlw	low(0)
   821  007FB2  0E00               	movwf	((c:main@i)),c
   822  007FB4  6E67               	goto	l790
   823  007FB6  EFEA  F03F         	
   824                           l31:
   825  007FBA                     	line	30
   826                           	
   827                           l786:
   828  007FBA                     ;lcd.c: 29:             {;lcd.c: 30:                 data(a[i]);
   829                           	movlw	low(main@a)
   830  007FBA  0E03               	addwf	((c:main@i)),c,w
   831  007FBC  2467               	movwf	c:fsr2l
   832  007FBE  6ED9               	movlw	high(main@a)
   833  007FC0  0E00               	addwfc	((c:main@i+1)),c,w
   834  007FC2  2068               	movwf	1+c:fsr2l
   835  007FC4  6EDA               	movf	indf2,w
   836  007FC6  50DF               	
   837                           	call	_data
   838  007FC8  EC58  F03F         	line	31
   839                           	
   840                           l788:
   841  007FCC                     ;lcd.c: 31:             }
   842                           	infsnz	((c:main@i)),c
   843  007FCC  4A67               	incf	((c:main@i+1)),c
   844  007FCE  2A68               	goto	l790
   845  007FD0  EFEA  F03F         	
   846                           l30:
   847  007FD4                     	
   848                           l790:
   849  007FD4                     	movlw	low(main@a)
   850  007FD4  0E03               	addwf	((c:main@i)),c,w
   851  007FD6  2467               	movwf	c:fsr2l
   852  007FD8  6ED9               	movlw	high(main@a)
   853  007FDA  0E00               	addwfc	((c:main@i+1)),c,w
   854  007FDC  2068               	movwf	1+c:fsr2l
   855  007FDE  6EDA               	movf	indf2,w
   856  007FE0  50DF               	btfss	status,2
   857  007FE2  A4D8               	goto	u41
   858  007FE4  EFF6  F03F         	goto	u40
   859  007FE8  EFF8  F03F         u41:
   860  007FEC                     	goto	l786
   861  007FEC  EFDD  F03F         u40:
   862  007FF0                     	goto	l784
   863  007FF0  EFD7  F03F         	
   864                           l32:
   865  007FF4                     	goto	l784
   866  007FF4  EFD7  F03F         	line	32
   867                           ;lcd.c: 32:         }
   868                           	
   869                           l33:
   870  007FF8                     	goto	l784
   871  007FF8  EFD7  F03F         	
   872                           l34:
   873  007FFC                     	line	36
   874                           ;lcd.c: 33:     return;
   875                           	
   876                           l35:
   877  007FFC                     	global	start
   878                           	goto	start
   879  007FFC  EF00  F000         	opt stack 0
   880                           GLOBAL	__end_of_main
   881                           	__end_of_main:
   882  008000                     	signat	_main,89
   883                           	global	_data
   884                           
   885 ;; *************** function _data *****************
   886 ;; Defined at:
   887 ;;		line 52 in file "lcd.c"
   888 ;; Parameters:    Size  Location     Type
   889 ;;  dat             1    wreg     unsigned char 
   890 ;; Auto vars:     Size  Location     Type
   891 ;;  dat             1    1[COMRAM] unsigned char 
   892 ;; Return value:  Size  Location     Type
   893 ;;                  1    wreg      void 
   894 ;; Registers used:
   895 ;;		wreg, cstack
   896 ;; Tracked objects:
   897 ;;		On entry : 0/0
   898 ;;		On exit  : 0/0
   899 ;;		Unchanged: 0/0
   900 ;; Data sizes:     COMRAM   BANK0   BANK1   BANK2   BANK3   BANK4   BANK5
   901 ;;      Params:         0       0       0       0       0       0       0
   902 ;;      Locals:         1       0       0       0       0       0       0
   903 ;;      Temps:          0       0       0       0       0       0       0
   904 ;;      Totals:         1       0       0       0       0       0       0
   905 ;;Total ram usage:        1 bytes
   906 ;; Hardware stack levels used:    1
   907 ;; Hardware stack levels required when called:    1
   908 ;; This function calls:
   909 ;;		_pulse
   910 ;; This function is called by:
   911 ;;		_main
   912 ;; This function uses a non-reentrant model
   913 ;;
   914                           psect	text1,class=CODE,space=0,reloc=2,group=0
   915                           	line	52
   916                           global __ptext1
   917                           __ptext1:
   918  007EB0                     psect	text1
   919                           	file	"lcd.c"
   920                           	line	52
   921                           	global	__size_of_data
   922                           	__size_of_data	equ	__end_of_data-_data
   923  0000                     	
   924                           _data:
   925  007EB0                     ;incstack = 0
   926                           	opt	stack 29
   927                           ;data@dat stored from wreg
   928                           	movwf	((c:data@dat)),c
   929  007EB0  6E02               	line	54
   930                           	
   931                           l768:
   932  007EB2                     ;lcd.c: 52: void data(char dat);lcd.c: 53: {;lcd.c: 54:     LATCbits.LC0=1;
   933                           	bsf	((c:3979)),c,0	;volatile
   934  007EB2  808B               	line	55
   935                           	
   936                           l770:
   937  007EB4                     ;lcd.c: 55:     LATD=dat;
   938                           	movff	(c:data@dat),(c:3980)	;volatile
   939  007EB4  C002  FF8C         	line	56
   940                           	
   941                           l772:
   942  007EB8                     ;lcd.c: 56:     pulse();
   943                           	call	_pulse	;wreg free
   944  007EB8  EC5F  F03F         	line	57
   945                           	
   946                           l44:
   947  007EBC                     	return	;funcret
   948  007EBC  0012               	opt stack 0
   949                           GLOBAL	__end_of_data
   950                           	__end_of_data:
   951  007EBE                     	signat	_data,4217
   952                           	global	_command
   953                           
   954 ;; *************** function _command *****************
   955 ;; Defined at:
   956 ;;		line 45 in file "lcd.c"
   957 ;; Parameters:    Size  Location     Type
   958 ;;  cmd             1    wreg     unsigned char 
   959 ;; Auto vars:     Size  Location     Type
   960 ;;  cmd             1    1[COMRAM] unsigned char 
   961 ;; Return value:  Size  Location     Type
   962 ;;                  1    wreg      void 
   963 ;; Registers used:
   964 ;;		wreg, cstack
   965 ;; Tracked objects:
   966 ;;		On entry : 0/0
   967 ;;		On exit  : 0/0
   968 ;;		Unchanged: 0/0
   969 ;; Data sizes:     COMRAM   BANK0   BANK1   BANK2   BANK3   BANK4   BANK5
   970 ;;      Params:         0       0       0       0       0       0       0
   971 ;;      Locals:         1       0       0       0       0       0       0
   972 ;;      Temps:          0       0       0       0       0       0       0
   973 ;;      Totals:         1       0       0       0       0       0       0
   974 ;;Total ram usage:        1 bytes
   975 ;; Hardware stack levels used:    1
   976 ;; Hardware stack levels required when called:    1
   977 ;; This function calls:
   978 ;;		_pulse
   979 ;; This function is called by:
   980 ;;		_main
   981 ;; This function uses a non-reentrant model
   982 ;;
   983                           psect	text2,class=CODE,space=0,reloc=2,group=0
   984                           	line	45
   985                           global __ptext2
   986                           __ptext2:
   987  007EA2                     psect	text2
   988                           	file	"lcd.c"
   989                           	line	45
   990                           	global	__size_of_command
   991                           	__size_of_command	equ	__end_of_command-_command
   992  0000                     	
   993                           _command:
   994  007EA2                     ;incstack = 0
   995                           	opt	stack 29
   996                           ;command@cmd stored from wreg
   997                           	movwf	((c:command@cmd)),c
   998  007EA2  6E02               	line	47
   999                           	
  1000                           l762:
  1001  007EA4                     ;lcd.c: 45: void command(char cmd);lcd.c: 46: {;lcd.c: 47:     LATCbits.LC0=0;
  1002                           	bcf	((c:3979)),c,0	;volatile
  1003  007EA4  908B               	line	48
  1004                           	
  1005                           l764:
  1006  007EA6                     ;lcd.c: 48:     LATD=cmd;
  1007                           	movff	(c:command@cmd),(c:3980)	;volatile
  1008  007EA6  C002  FF8C         	line	49
  1009                           	
  1010                           l766:
  1011  007EAA                     ;lcd.c: 49:     pulse();
  1012                           	call	_pulse	;wreg free
  1013  007EAA  EC5F  F03F         	line	50
  1014                           	
  1015                           l41:
  1016  007EAE                     	return	;funcret
  1017  007EAE  0012               	opt stack 0
  1018                           GLOBAL	__end_of_command
  1019                           	__end_of_command:
  1020  007EB0                     	signat	_command,4217
  1021                           	global	_pulse
  1022                           
  1023 ;; *************** function _pulse *****************
  1024 ;; Defined at:
  1025 ;;		line 37 in file "lcd.c"
  1026 ;; Parameters:    Size  Location     Type
  1027 ;;		None
  1028 ;; Auto vars:     Size  Location     Type
  1029 ;;		None
  1030 ;; Return value:  Size  Location     Type
  1031 ;;                  1    wreg      void 
  1032 ;; Registers used:
  1033 ;;		wreg
  1034 ;; Tracked objects:
  1035 ;;		On entry : 0/0
  1036 ;;		On exit  : 0/0
  1037 ;;		Unchanged: 0/0
  1038 ;; Data sizes:     COMRAM   BANK0   BANK1   BANK2   BANK3   BANK4   BANK5
  1039 ;;      Params:         0       0       0       0       0       0       0
  1040 ;;      Locals:         0       0       0       0       0       0       0
  1041 ;;      Temps:          1       0       0       0       0       0       0
  1042 ;;      Totals:         1       0       0       0       0       0       0
  1043 ;;Total ram usage:        1 bytes
  1044 ;; Hardware stack levels used:    1
  1045 ;; This function calls:
  1046 ;;		Nothing
  1047 ;; This function is called by:
  1048 ;;		_command
  1049 ;;		_data
  1050 ;; This function uses a non-reentrant model
  1051 ;;
  1052                           psect	text3,class=CODE,space=0,reloc=2,group=0
  1053                           	line	37
  1054                           global __ptext3
  1055                           __ptext3:
  1056  007EBE                     psect	text3
  1057                           	file	"lcd.c"
  1058                           	line	37
  1059                           	global	__size_of_pulse
  1060                           	__size_of_pulse	equ	__end_of_pulse-_pulse
  1061  0000                     	
  1062                           _pulse:
  1063  007EBE                     ;incstack = 0
  1064                           	opt	stack 29
  1065                           	line	39
  1066                           	
  1067                           l756:
  1068  007EBE                     ;lcd.c: 39:     LATCbits.LC1=1;
  1069                           	bsf	((c:3979)),c,1	;volatile
  1070  007EBE  828B               	line	40
  1071                           	
  1072                           l758:
  1073  007EC0                     ;lcd.c: 40:     _delay((unsigned long)((10)*(20000000/4000.0)));
  1074                           	opt asmopt_push
  1075                           opt asmopt_off
  1076                           movlw	65
  1077  007EC0  0E41               movwf	(??_pulse+0+0)&0ffh,c,f
  1078  007EC2  6E01               	movlw	238
  1079  007EC4  0EEE               u57:
  1080  007EC6                     decfsz	wreg,f
  1081  007EC6  2EE8               	bra	u57
  1082  007EC8  D7FE               	decfsz	(??_pulse+0+0)&0ffh,c,f
  1083  007ECA  2E01               	bra	u57
  1084  007ECC  D7FC               	nop2
  1085  007ECE  D000               opt asmopt_pop
  1086                           
  1087                           	line	41
  1088                           	
  1089                           l760:
  1090  007ED0                     ;lcd.c: 41:      LATCbits.LC1=0;
  1091                           	bcf	((c:3979)),c,1	;volatile
  1092  007ED0  928B               	line	42
  1093                           ;lcd.c: 42:     _delay((unsigned long)((10)*(20000000/4000.0)));
  1094                           	opt asmopt_push
  1095                           opt asmopt_off
  1096                           movlw	65
  1097  007ED2  0E41               movwf	(??_pulse+0+0)&0ffh,c,f
  1098  007ED4  6E01               	movlw	238
  1099  007ED6  0EEE               u67:
  1100  007ED8                     decfsz	wreg,f
  1101  007ED8  2EE8               	bra	u67
  1102  007EDA  D7FE               	decfsz	(??_pulse+0+0)&0ffh,c,f
  1103  007EDC  2E01               	bra	u67
  1104  007EDE  D7FC               	nop2
  1105  007EE0  D000               opt asmopt_pop
  1106                           
  1107                           	line	44
  1108                           	
  1109                           l38:
  1110  007EE2                     	return	;funcret
  1111  007EE2  0012               	opt stack 0
  1112                           GLOBAL	__end_of_pulse
  1113                           	__end_of_pulse:
  1114  007EE4                     	signat	_pulse,89
  1115                           	GLOBAL	__activetblptr
  1116                           __activetblptr	EQU	0
  1117  0000                     	psect	intsave_regs,class=BIGRAM,space=1,noexec
  1118                           	PSECT	rparam,class=COMRAM,space=1,noexec
  1119                           	GLOBAL	__Lrparam
  1120                           	FNCONF	rparam,??,?
  1121                           	GLOBAL	___rparam_used
  1122                           	___rparam_used EQU 1
  1123  0000                     	GLOBAL	___param_bank
  1124                           	___param_bank EQU 0
  1125  0000                     GLOBAL	__Lparam, __Hparam
  1126                           GLOBAL	__Lrparam, __Hrparam
  1127                           __Lparam	EQU	__Lrparam
  1128  0000                     __Hparam	EQU	__Hrparam
  1129  0000                     	end


Data Sizes:
    Strings     0
    Constant    0
    Data        100
    BSS         0
    Persistent  0
    Stack       0

Auto Spaces:
    Space          Size  Autos    Used
    COMRAM          127    104     104
    BANK0           128      0     100
    BANK1           256      0       0
    BANK2           256      0       0
    BANK3           256      0       0
    BANK4           256      0       0
    BANK5           256      0       0

Pointer List with Targets:

    None.

Critical Paths under _main in COMRAM

    _main->_command
    _main->_data
    _data->_pulse
    _command->_pulse

Critical Paths under _main in BANK0

    None.

Critical Paths under _main in BANK1

    None.

Critical Paths under _main in BANK2

    None.

Critical Paths under _main in BANK3

    None.

Critical Paths under _main in BANK4

    None.

Critical Paths under _main in BANK5

    None.

Call Graph Tables:

 ---------------------------------------------------------------------------------
 (Depth) Function   	        Calls       Base Space   Used Autos Params    Refs
 ---------------------------------------------------------------------------------
 (0) _main                                               102   102      0     137
                                              2 COMRAM   102   102      0
                            _command
                               _data
 ---------------------------------------------------------------------------------
 (1) _data                                                 1     1      0      22
                                              1 COMRAM     1     1      0
                              _pulse
 ---------------------------------------------------------------------------------
 (1) _command                                              1     1      0      22
                                              1 COMRAM     1     1      0
                              _pulse
 ---------------------------------------------------------------------------------
 (2) _pulse                                                1     1      0       0
                                              0 COMRAM     1     1      0
 ---------------------------------------------------------------------------------
 Estimated maximum stack depth 2
 ---------------------------------------------------------------------------------

 Call Graph Graphs:

 _main (ROOT)
   _command
     _pulse
   _data
     _pulse

 Address spaces:
Name               Size   Autos  Total    Cost      Usage
BIGRAM             5FF      0       0      17        0.0%
EEDATA             100      0       0       0        0.0%
BITBANK5           100      0       0      16        0.0%
BANK5              100      0       0      14        0.0%
BITBANK4           100      0       0      12        0.0%
BANK4              100      0       0      13        0.0%
BITBANK3           100      0       0      10        0.0%
BANK3              100      0       0      11        0.0%
BITBANK2           100      0       0       8        0.0%
BANK2              100      0       0       9        0.0%
BITBANK1           100      0       0       6        0.0%
BANK1              100      0       0       7        0.0%
BITBANK0            80      0       0       4        0.0%
BANK0               80      0      64       5       78.1%
BITCOMRAM           7F      0       0       0        0.0%
COMRAM              7F     68      68       1       81.9%
BITSFR               0      0       0     200        0.0%
SFR                  0      0       0     200        0.0%
STACK                0      0       0       2        0.0%
NULL                 0      0       0       0        0.0%
ABS                  0      0      CC      15        0.0%
DATA                 0      0      CC       3        0.0%
CODE                 0      0       0       0        0.0%


Microchip Technology PIC18 Macro Assembler V2.00 build -1524193055 
Symbol Table                                                                                   Fri Jun 14 14:34:39 2019

                     l30 7FD4                       l31 7FBA                       l32 7FF4  
                     l41 7EAE                       l33 7FF8                       l34 7FFC  
                     l35 7FFC                       l44 7EBC                       l29 7FAE  
                     l38 7EE2                       u31 7FA2                       u40 7FF0  
                     u41 7FEC                       u57 7EC6                       u67 7ED8  
                    l760 7ED0                      l762 7EA4                      l770 7EB4  
                    l756 7EBE                      l764 7EA6                      l772 7EB8  
                    l780 7F92                      l758 7EC0                      l766 7EAA  
                    l790 7FD4                      l782 7F98                      l774 7F6E  
                    l768 7EB2                      l784 7FAE                      l776 7F86  
                    l786 7FBA                      l778 7F8C                      l788 7FCC  
                    wreg 000FE8                     _LATD 000F8C                     _data 7EB0  
                   _main 7F6E                     indf2 000FDF                     fsr1l 000FE1  
                   fsr2l 000FD9                     start 0000             ___param_bank 000000  
                  ?_data 0001                    ?_main 0001                    _CMCON 000FB4  
                  _PORTC 000F82                    _PORTD 000F83                    _TRISC 000F94  
                  _TRISD 000F95          __end_of_command 7EB0                    _pulse 7EBE  
                  main@a 0003                    main@i 0067                    tablat 000FF5  
                  plusw1 000FE3                    plusw2 000FDB                    status 000FD8  
        __initialization 7EE4             __end_of_data 7EBE             __end_of_main 8000  
                 ??_data 0002                   ??_main 0003            __activetblptr 000000  
                 _ADCON1 000FC1                   ?_pulse 0001                ??_command 0002  
                 tblptrh 000FF7                   tblptrl 000FF6                   tblptru 000FF8  
             __accesstop 0080  __end_of__initialization 7F04            ___rparam_used 000001  
         __pcstackCOMRAM 0001             __pidataBANK0 7F0A            __end_of_pulse 7EE4  
                ??_pulse 0001                  __Hparam 0000                  __Lparam 0000  
                __pcinit 7EE4                  __ramtop 0600                  __ptext0 7F6E  
                __ptext1 7EB0                  __ptext2 7EA2                  __ptext3 7EBE  
                _command 7EA2                  data@dat 0002     end_of_initialization 7F04  
                postdec1 000FE5                  postinc0 000FEE               command@cmd 0002  
    start_initialization 7EE4              __pdataBANK0 0080                 ?_command 0001  
         __size_of_pulse 0026                 _LATCbits 000F8B                main@F2530 0080  
              copy_data0 7EF8                 __Hrparam 0000                 __Lrparam 0000  
       __size_of_command 000E            __size_of_data 000E            __size_of_main 0092  
